# JRE version: Java(TM) SE Runtime Environment (8.0_191-b12) (build 1.8.0_191-b12)
# Java VM: Java HotSpot(TM) 64-Bit Server VM (25.191-b12 mixed mode windows-amd64 compressed oops)
Heap:
 PSYoungGen      total 2501120K, used 162300K [0x0000000715d00000, 0x00000007c0000000, 0x00000007c0000000)
  eden space 2338816K, 0% used [0x0000000715d00000,0x0000000715d00000,0x00000007a4900000)
  from space 162304K, 99% used [0x00000007b6180000,0x00000007bffff188,0x00000007c0000000)
  to   space 224768K, 0% used [0x00000007a4900000,0x00000007a4900000,0x00000007b2480000)
 ParOldGen       total 349696K, used 342952K [0x00000005c1600000, 0x00000005d6b80000, 0x0000000715d00000)
  object space 349696K, 98% used [0x00000005c1600000,0x00000005d64ea110,0x00000005d6b80000)
 Metaspace       used 14448K, capacity 14682K, committed 14848K, reserved 1062912K
  class space    used 1902K, capacity 1977K, committed 2048K, reserved 1048576K
GC Heap History (10 events):
Event: 4.337 GC heap after
Heap after GC invocations=8 (full 0):
 PSYoungGen      total 1063424K, used 27121K [0x0000000715d00000, 0x0000000759800000, 0x00000007c0000000)
  eden space 1036288K, 0% used [0x0000000715d00000,0x0000000715d00000,0x0000000755100000)
  from space 27136K, 99% used [0x0000000757180000,0x0000000758bfc518,0x0000000758c00000)
  to   space 33280K, 0% used [0x0000000755100000,0x0000000755100000,0x0000000757180000)
 ParOldGen       total 349696K, used 10467K [0x00000005c1600000, 0x00000005d6b80000, 0x0000000715d00000)
  object space 349696K, 2% used [0x00000005c1600000,0x00000005c2038cd8,0x00000005d6b80000)
 Metaspace       used 14131K, capacity 14362K, committed 14592K, reserved 1062912K
  class space    used 1900K, capacity 1977K, committed 2048K, reserved 1048576K
}
Event: 6.881 GC heap before
{Heap before GC invocations=9 (full 0):
 PSYoungGen      total 1063424K, used 1055033K [0x0000000715d00000, 0x0000000759800000, 0x00000007c0000000)
  eden space 1036288K, 99% used [0x0000000715d00000,0x00000007548d1fe8,0x0000000755100000)
  from space 27136K, 99% used [0x0000000757180000,0x0000000758bfc518,0x0000000758c00000)
  to   space 33280K, 0% used [0x0000000755100000,0x0000000755100000,0x0000000757180000)
 ParOldGen       total 349696K, used 10467K [0x00000005c1600000, 0x00000005d6b80000, 0x0000000715d00000)
  object space 349696K, 2% used [0x00000005c1600000,0x00000005c2038cd8,0x00000005d6b80000)
 Metaspace       used 14323K, capacity 14554K, committed 14848K, reserved 1062912K
  class space    used 1902K, capacity 1977K, committed 2048K, reserved 1048576K
Event: 6.910 GC heap after
Heap after GC invocations=9 (full 0):
 PSYoungGen      total 1069568K, used 33278K [0x0000000715d00000, 0x0000000783980000, 0x00000007c0000000)
  eden space 1036288K, 0% used [0x0000000715d00000,0x0000000715d00000,0x0000000755100000)
  from space 33280K, 99% used [0x0000000755100000,0x000000075717f840,0x0000000757180000)
  to   space 70144K, 0% used [0x000000077f500000,0x000000077f500000,0x0000000783980000)
 ParOldGen       total 349696K, used 88151K [0x00000005c1600000, 0x00000005d6b80000, 0x0000000715d00000)
  object space 349696K, 25% used [0x00000005c1600000,0x00000005c6c15fe8,0x00000005d6b80000)
 Metaspace       used 14323K, capacity 14554K, committed 14848K, reserved 1062912K
  class space    used 1902K, capacity 1977K, committed 2048K, reserved 1048576K
}
Event: 8.748 GC heap before
{Heap before GC invocations=10 (full 0):
 PSYoungGen      total 1069568K, used 1069566K [0x0000000715d00000, 0x0000000783980000, 0x00000007c0000000)
  eden space 1036288K, 100% used [0x0000000715d00000,0x0000000755100000,0x0000000755100000)
  from space 33280K, 99% used [0x0000000755100000,0x000000075717f840,0x0000000757180000)
  to   space 70144K, 0% used [0x000000077f500000,0x000000077f500000,0x0000000783980000)
 ParOldGen       total 349696K, used 88151K [0x00000005c1600000, 0x00000005d6b80000, 0x0000000715d00000)
  object space 349696K, 25% used [0x00000005c1600000,0x00000005c6c15fe8,0x00000005d6b80000)
 Metaspace       used 14352K, capacity 14554K, committed 14848K, reserved 1062912K
  class space    used 1902K, capacity 1977K, committed 2048K, reserved 1048576K
Event: 8.783 GC heap after
Heap after GC invocations=10 (full 0):
 PSYoungGen      total 1693696K, used 70125K [0x0000000715d00000, 0x0000000787d80000, 0x00000007c0000000)
  eden space 1623552K, 0% used [0x0000000715d00000,0x0000000715d00000,0x0000000778e80000)
  from space 70144K, 99% used [0x000000077f500000,0x000000078397b520,0x0000000783980000)
  to   space 104960K, 0% used [0x0000000778e80000,0x0000000778e80000,0x000000077f500000)
 ParOldGen       total 349696K, used 149354K [0x00000005c1600000, 0x00000005d6b80000, 0x0000000715d00000)
  object space 349696K, 42% used [0x00000005c1600000,0x00000005ca7daa18,0x00000005d6b80000)
 Metaspace       used 14352K, capacity 14554K, committed 14848K, reserved 1062912K
  class space    used 1902K, capacity 1977K, committed 2048K, reserved 1048576K
}
Event: 11.141 GC heap before
{Heap before GC invocations=11 (full 0):
 PSYoungGen      total 1693696K, used 1678772K [0x0000000715d00000, 0x0000000787d80000, 0x00000007c0000000)
  eden space 1623552K, 99% used [0x0000000715d00000,0x0000000777ff1c70,0x0000000778e80000)
  from space 70144K, 99% used [0x000000077f500000,0x000000078397b520,0x0000000783980000)
  to   space 104960K, 0% used [0x0000000778e80000,0x0000000778e80000,0x000000077f500000)
 ParOldGen       total 349696K, used 149354K [0x00000005c1600000, 0x00000005d6b80000, 0x0000000715d00000)
  object space 349696K, 42% used [0x00000005c1600000,0x00000005ca7daa18,0x00000005d6b80000)
 Metaspace       used 14385K, capacity 14618K, committed 14848K, reserved 1062912K
  class space    used 1902K, capacity 1977K, committed 2048K, reserved 1048576K
Event: 11.202 GC heap after
Heap after GC invocations=11 (full 0):
 PSYoungGen      total 1728512K, used 104941K [0x0000000715d00000, 0x00000007c0000000, 0x00000007c0000000)
  eden space 1623552K, 0% used [0x0000000715d00000,0x0000000715d00000,0x0000000778e80000)
  from space 104960K, 99% used [0x0000000778e80000,0x000000077f4fb6f0,0x000000077f500000)
  to   space 162304K, 0% used [0x00000007b6180000,0x00000007b6180000,0x00000007c0000000)
 ParOldGen       total 349696K, used 253800K [0x00000005c1600000, 0x00000005d6b80000, 0x0000000715d00000)
  object space 349696K, 72% used [0x00000005c1600000,0x00000005d0dda100,0x00000005d6b80000)
 Metaspace       used 14385K, capacity 14618K, committed 14848K, reserved 1062912K
  class space    used 1902K, capacity 1977K, committed 2048K, reserved 1048576K
}
Event: 13.104 GC heap before
{Heap before GC invocations=12 (full 0):
 PSYoungGen      total 1728512K, used 1728493K [0x0000000715d00000, 0x00000007c0000000, 0x00000007c0000000)
  eden space 1623552K, 100% used [0x0000000715d00000,0x0000000778e80000,0x0000000778e80000)
  from space 104960K, 99% used [0x0000000778e80000,0x000000077f4fb6f0,0x000000077f500000)
  to   space 162304K, 0% used [0x00000007b6180000,0x00000007b6180000,0x00000007c0000000)
 ParOldGen       total 349696K, used 253800K [0x00000005c1600000, 0x00000005d6b80000, 0x0000000715d00000)
  object space 349696K, 72% used [0x00000005c1600000,0x00000005d0dda100,0x00000005d6b80000)
 Metaspace       used 14448K, capacity 14682K, committed 14848K, reserved 1062912K
  class space    used 1902K, capacity 1977K, committed 2048K, reserved 1048576K
Event: 13.153 GC heap after
Heap after GC invocations=12 (full 0):
 PSYoungGen      total 2501120K, used 162300K [0x0000000715d00000, 0x00000007c0000000, 0x00000007c0000000)
  eden space 2338816K, 0% used [0x0000000715d00000,0x0000000715d00000,0x00000007a4900000)
  from space 162304K, 99% used [0x00000007b6180000,0x00000007bffff188,0x00000007c0000000)
  to   space 224768K, 0% used [0x00000007a4900000,0x00000007a4900000,0x00000007b2480000)
 ParOldGen       total 349696K, used 342952K [0x00000005c1600000, 0x00000005d6b80000, 0x0000000715d00000)
  object space 349696K, 98% used [0x00000005c1600000,0x00000005d64ea110,0x00000005d6b80000)
 Metaspace       used 14448K, capacity 14682K, committed 14848K, reserved 1062912K
  class space    used 1902K, capacity 1977K, committed 2048K, reserved 1048576K
}
Event: 13.153 GC heap before
{Heap before GC invocations=13 (full 1):
 PSYoungGen      total 2501120K, used 162300K [0x0000000715d00000, 0x00000007c0000000, 0x00000007c0000000)
  eden space 2338816K, 0% used [0x0000000715d00000,0x0000000715d00000,0x00000007a4900000)
  from space 162304K, 99% used [0x00000007b6180000,0x00000007bffff188,0x00000007c0000000)
  to   space 224768K, 0% used [0x00000007a4900000,0x00000007a4900000,0x00000007b2480000)
 ParOldGen       total 349696K, used 342952K [0x00000005c1600000, 0x00000005d6b80000, 0x0000000715d00000)
  object space 349696K, 98% used [0x00000005c1600000,0x00000005d64ea110,0x00000005d6b80000)
 Metaspace       used 14448K, capacity 14682K, committed 14848K, reserved 1062912K
  class space    used 1902K, capacity 1977K, committed 2048K, reserved 1048576K

